Build started 2018/1/4 11:47:34.
     1>Project "E:\learnOpenGL\trunk\luac_project\luac_project\luac_project.vcxproj" on node 2 (Rebuild target(s)).
     1>ClCompile:
         C:\Program Files (x86)\Microsoft Visual Studio 11.0\VC\bin\CL.exe /c /ZI /nologo /W3 /WX- /Od /Oy- /D _MBCS /Gm /EHsc /RTC1 /MDd /GS /fp:precise /Zc:wchar_t /Zc:forScope /Fo"Debug\\" /Fd"Debug\vc110.pdb" /Gd /TP /analyze- /errorReport:prompt lapi.c lauxlib.c lbaselib.c lcode.c ldblib.c ldebug.c ldo.c ldump.c lfunc.c lgc.c linit.c liolib.c liqian.c llex.c lmathlib.c lmem.c loadlib.c lobject.c lopcodes.c loslib.c lparser.c lstate.c lstring.c lstrlib.c ltable.c ltablib.c ltm.c lua.c lundump.c lvm.c lzio.c print.c snapshot.c
         snapshot.c
     1>e:\learnopengl\trunk\luac_project\luac_project\snapshot.c(129): warning C4996: 'sprintf': This function or variable may be unsafe. Consider using sprintf_s instead. To disable deprecation, use _CRT_SECURE_NO_WARNINGS. See online help for details.
                 c:\program files (x86)\microsoft visual studio 11.0\vc\include\stdio.h(357) : see declaration of 'sprintf'
     1>e:\learnopengl\trunk\luac_project\luac_project\snapshot.c(132): warning C4996: 'sprintf': This function or variable may be unsafe. Consider using sprintf_s instead. To disable deprecation, use _CRT_SECURE_NO_WARNINGS. See online help for details.
                 c:\program files (x86)\microsoft visual studio 11.0\vc\include\stdio.h(357) : see declaration of 'sprintf'
     1>e:\learnopengl\trunk\luac_project\luac_project\snapshot.c(135): warning C4996: 'sprintf': This function or variable may be unsafe. Consider using sprintf_s instead. To disable deprecation, use _CRT_SECURE_NO_WARNINGS. See online help for details.
                 c:\program files (x86)\microsoft visual studio 11.0\vc\include\stdio.h(357) : see declaration of 'sprintf'
     1>e:\learnopengl\trunk\luac_project\luac_project\snapshot.c(138): warning C4996: 'sprintf': This function or variable may be unsafe. Consider using sprintf_s instead. To disable deprecation, use _CRT_SECURE_NO_WARNINGS. See online help for details.
                 c:\program files (x86)\microsoft visual studio 11.0\vc\include\stdio.h(357) : see declaration of 'sprintf'
     1>e:\learnopengl\trunk\luac_project\luac_project\snapshot.c(234): warning C4996: 'sprintf': This function or variable may be unsafe. Consider using sprintf_s instead. To disable deprecation, use _CRT_SECURE_NO_WARNINGS. See online help for details.
                 c:\program files (x86)\microsoft visual studio 11.0\vc\include\stdio.h(357) : see declaration of 'sprintf'
     1>e:\learnopengl\trunk\luac_project\luac_project\snapshot.c(258): warning C4996: 'sprintf': This function or variable may be unsafe. Consider using sprintf_s instead. To disable deprecation, use _CRT_SECURE_NO_WARNINGS. See online help for details.
                 c:\program files (x86)\microsoft visual studio 11.0\vc\include\stdio.h(357) : see declaration of 'sprintf'
     1>e:\learnopengl\trunk\luac_project\luac_project\snapshot.c(271): warning C4996: 'sprintf': This function or variable may be unsafe. Consider using sprintf_s instead. To disable deprecation, use _CRT_SECURE_NO_WARNINGS. See online help for details.
                 c:\program files (x86)\microsoft visual studio 11.0\vc\include\stdio.h(357) : see declaration of 'sprintf'
     1>e:\learnopengl\trunk\luac_project\luac_project\snapshot.c(281): warning C4996: '_snprintf': This function or variable may be unsafe. Consider using _snprintf_s instead. To disable deprecation, use _CRT_SECURE_NO_WARNINGS. See online help for details.
                 c:\program files (x86)\microsoft visual studio 11.0\vc\include\stdio.h(349) : see declaration of '_snprintf'
     1>e:\learnopengl\trunk\luac_project\luac_project\snapshot.c(330): warning C4996: 'sprintf': This function or variable may be unsafe. Consider using sprintf_s instead. To disable deprecation, use _CRT_SECURE_NO_WARNINGS. See online help for details.
                 c:\program files (x86)\microsoft visual studio 11.0\vc\include\stdio.h(357) : see declaration of 'sprintf'
         print.c
         lzio.c
         lvm.c
     1>e:\learnopengl\trunk\luac_project\luac_project\lvm.c(53): warning C4996: 'sprintf': This function or variable may be unsafe. Consider using sprintf_s instead. To disable deprecation, use _CRT_SECURE_NO_WARNINGS. See online help for details.
                 c:\program files (x86)\microsoft visual studio 11.0\vc\include\stdio.h(357) : see declaration of 'sprintf'
         lundump.c
         lua.c
     1>e:\learnopengl\trunk\luac_project\luac_project\lua.c(328): warning C4996: 'getenv': This function or variable may be unsafe. Consider using _dupenv_s instead. To disable deprecation, use _CRT_SECURE_NO_WARNINGS. See online help for details.
                 c:\program files (x86)\microsoft visual studio 11.0\vc\include\stdlib.h(449) : see declaration of 'getenv'
         ltm.c
         ltablib.c
         ltable.c
         lstrlib.c
     1>e:\learnopengl\trunk\luac_project\luac_project\lstrlib.c(740): warning C4996: 'strncpy': This function or variable may be unsafe. Consider using strncpy_s instead. To disable deprecation, use _CRT_SECURE_NO_WARNINGS. See online help for details.
                 c:\program files (x86)\microsoft visual studio 11.0\vc\include\string.h(191) : see declaration of 'strncpy'
     1>e:\learnopengl\trunk\luac_project\luac_project\lstrlib.c(750): warning C4996: 'strcpy': This function or variable may be unsafe. Consider using strcpy_s instead. To disable deprecation, use _CRT_SECURE_NO_WARNINGS. See online help for details.
                 c:\program files (x86)\microsoft visual studio 11.0\vc\include\string.h(110) : see declaration of 'strcpy'
     1>e:\learnopengl\trunk\luac_project\luac_project\lstrlib.c(777): warning C4996: 'sprintf': This function or variable may be unsafe. Consider using sprintf_s instead. To disable deprecation, use _CRT_SECURE_NO_WARNINGS. See online help for details.
                 c:\program files (x86)\microsoft visual studio 11.0\vc\include\stdio.h(357) : see declaration of 'sprintf'
     1>e:\learnopengl\trunk\luac_project\luac_project\lstrlib.c(782): warning C4996: 'sprintf': This function or variable may be unsafe. Consider using sprintf_s instead. To disable deprecation, use _CRT_SECURE_NO_WARNINGS. See online help for details.
                 c:\program files (x86)\microsoft visual studio 11.0\vc\include\stdio.h(357) : see declaration of 'sprintf'
     1>e:\learnopengl\trunk\luac_project\luac_project\lstrlib.c(787): warning C4996: 'sprintf': This function or variable may be unsafe. Consider using sprintf_s instead. To disable deprecation, use _CRT_SECURE_NO_WARNINGS. See online help for details.
                 c:\program files (x86)\microsoft visual studio 11.0\vc\include\stdio.h(357) : see declaration of 'sprintf'
     1>e:\learnopengl\trunk\luac_project\luac_project\lstrlib.c(792): warning C4996: 'sprintf': This function or variable may be unsafe. Consider using sprintf_s instead. To disable deprecation, use _CRT_SECURE_NO_WARNINGS. See online help for details.
                 c:\program files (x86)\microsoft visual studio 11.0\vc\include\stdio.h(357) : see declaration of 'sprintf'
     1>e:\learnopengl\trunk\luac_project\luac_project\lstrlib.c(810): warning C4996: 'sprintf': This function or variable may be unsafe. Consider using sprintf_s instead. To disable deprecation, use _CRT_SECURE_NO_WARNINGS. See online help for details.
                 c:\program files (x86)\microsoft visual studio 11.0\vc\include\stdio.h(357) : see declaration of 'sprintf'
         lstring.c
         lstate.c
         lparser.c
         loslib.c
     1>e:\learnopengl\trunk\luac_project\luac_project\loslib.c(31): warning C4996: 'strerror': This function or variable may be unsafe. Consider using strerror_s instead. To disable deprecation, use _CRT_SECURE_NO_WARNINGS. See online help for details.
                 c:\program files (x86)\microsoft visual studio 11.0\vc\include\string.h(164) : see declaration of 'strerror'
     1>e:\learnopengl\trunk\luac_project\luac_project\loslib.c(60): warning C4996: 'tmpnam': This function or variable may be unsafe. Consider using tmpnam_s instead. To disable deprecation, use _CRT_SECURE_NO_WARNINGS. See online help for details.
                 c:\program files (x86)\microsoft visual studio 11.0\vc\include\stdio.h(330) : see declaration of 'tmpnam'
     1>e:\learnopengl\trunk\luac_project\luac_project\loslib.c(69): warning C4996: 'getenv': This function or variable may be unsafe. Consider using _dupenv_s instead. To disable deprecation, use _CRT_SECURE_NO_WARNINGS. See online help for details.
                 c:\program files (x86)\microsoft visual studio 11.0\vc\include\stdlib.h(449) : see declaration of 'getenv'
     1>e:\learnopengl\trunk\luac_project\luac_project\loslib.c(129): warning C4996: 'gmtime': This function or variable may be unsafe. Consider using gmtime_s instead. To disable deprecation, use _CRT_SECURE_NO_WARNINGS. See online help for details.
                 c:\program files (x86)\microsoft visual studio 11.0\vc\include\time.inl(99) : see declaration of 'gmtime'
     1>e:\learnopengl\trunk\luac_project\luac_project\loslib.c(133): warning C4996: 'localtime': This function or variable may be unsafe. Consider using localtime_s instead. To disable deprecation, use _CRT_SECURE_NO_WARNINGS. See online help for details.
                 c:\program files (x86)\microsoft visual studio 11.0\vc\include\time.inl(112) : see declaration of 'localtime'
         lopcodes.c
         lobject.c
     1>e:\learnopengl\trunk\luac_project\luac_project\lobject.c(145): warning C4996: 'sprintf': This function or variable may be unsafe. Consider using sprintf_s instead. To disable deprecation, use _CRT_SECURE_NO_WARNINGS. See online help for details.
                 c:\program files (x86)\microsoft visual studio 11.0\vc\include\stdio.h(357) : see declaration of 'sprintf'
     1>e:\learnopengl\trunk\luac_project\luac_project\lobject.c(184): warning C4996: 'strncpy': This function or variable may be unsafe. Consider using strncpy_s instead. To disable deprecation, use _CRT_SECURE_NO_WARNINGS. See online help for details.
                 c:\program files (x86)\microsoft visual studio 11.0\vc\include\string.h(191) : see declaration of 'strncpy'
     1>e:\learnopengl\trunk\luac_project\luac_project\lobject.c(193): warning C4996: 'strcpy': This function or variable may be unsafe. Consider using strcpy_s instead. To disable deprecation, use _CRT_SECURE_NO_WARNINGS. See online help for details.
                 c:\program files (x86)\microsoft visual studio 11.0\vc\include\string.h(110) : see declaration of 'strcpy'
     1>e:\learnopengl\trunk\luac_project\luac_project\lobject.c(196): warning C4996: 'strcat': This function or variable may be unsafe. Consider using strcat_s instead. To disable deprecation, use _CRT_SECURE_NO_WARNINGS. See online help for details.
                 c:\program files (x86)\microsoft visual studio 11.0\vc\include\string.h(115) : see declaration of 'strcat'
     1>e:\learnopengl\trunk\luac_project\luac_project\lobject.c(198): warning C4996: 'strcat': This function or variable may be unsafe. Consider using strcat_s instead. To disable deprecation, use _CRT_SECURE_NO_WARNINGS. See online help for details.
                 c:\program files (x86)\microsoft visual studio 11.0\vc\include\string.h(115) : see declaration of 'strcat'
     1>e:\learnopengl\trunk\luac_project\luac_project\lobject.c(204): warning C4996: 'strcpy': This function or variable may be unsafe. Consider using strcpy_s instead. To disable deprecation, use _CRT_SECURE_NO_WARNINGS. See online help for details.
                 c:\program files (x86)\microsoft visual studio 11.0\vc\include\string.h(110) : see declaration of 'strcpy'
     1>e:\learnopengl\trunk\luac_project\luac_project\lobject.c(206): warning C4996: 'strncat': This function or variable may be unsafe. Consider using strncat_s instead. To disable deprecation, use _CRT_SECURE_NO_WARNINGS. See online help for details.
                 c:\program files (x86)\microsoft visual studio 11.0\vc\include\string.h(182) : see declaration of 'strncat'
     1>e:\learnopengl\trunk\luac_project\luac_project\lobject.c(207): warning C4996: 'strcat': This function or variable may be unsafe. Consider using strcat_s instead. To disable deprecation, use _CRT_SECURE_NO_WARNINGS. See online help for details.
                 c:\program files (x86)\microsoft visual studio 11.0\vc\include\string.h(115) : see declaration of 'strcat'
     1>e:\learnopengl\trunk\luac_project\luac_project\lobject.c(210): warning C4996: 'strcat': This function or variable may be unsafe. Consider using strcat_s instead. To disable deprecation, use _CRT_SECURE_NO_WARNINGS. See online help for details.
                 c:\program files (x86)\microsoft visual studio 11.0\vc\include\string.h(115) : see declaration of 'strcat'
     1>e:\learnopengl\trunk\luac_project\luac_project\lobject.c(211): warning C4996: 'strcat': This function or variable may be unsafe. Consider using strcat_s instead. To disable deprecation, use _CRT_SECURE_NO_WARNINGS. See online help for details.
                 c:\program files (x86)\microsoft visual studio 11.0\vc\include\string.h(115) : see declaration of 'strcat'
         loadlib.c
     1>e:\learnopengl\trunk\luac_project\luac_project\loadlib.c(333): warning C4996: 'fopen': This function or variable may be unsafe. Consider using fopen_s instead. To disable deprecation, use _CRT_SECURE_NO_WARNINGS. See online help for details.
                 c:\program files (x86)\microsoft visual studio 11.0\vc\include\stdio.h(218) : see declaration of 'fopen'
     1>e:\learnopengl\trunk\luac_project\luac_project\loadlib.c(594): warning C4996: 'getenv': This function or variable may be unsafe. Consider using _dupenv_s instead. To disable deprecation, use _CRT_SECURE_NO_WARNINGS. See online help for details.
                 c:\program files (x86)\microsoft visual studio 11.0\vc\include\stdlib.h(449) : see declaration of 'getenv'
         lmem.c
         lmathlib.c
         llex.c
         Generating Code...
         Compiling...
         liqian.c
     1>e:\learnopengl\trunk\luac_project\luac_project\liqian.c(16): warning C4244: 'argument' : conversion from 'lua_Number' to 'float', possible loss of data
         liolib.c
     1>e:\learnopengl\trunk\luac_project\luac_project\liolib.c(39): warning C4996: 'strerror': This function or variable may be unsafe. Consider using strerror_s instead. To disable deprecation, use _CRT_SECURE_NO_WARNINGS. See online help for details.
                 c:\program files (x86)\microsoft visual studio 11.0\vc\include\string.h(164) : see declaration of 'strerror'
     1>e:\learnopengl\trunk\luac_project\luac_project\liolib.c(41): warning C4996: 'strerror': This function or variable may be unsafe. Consider using strerror_s instead. To disable deprecation, use _CRT_SECURE_NO_WARNINGS. See online help for details.
                 c:\program files (x86)\microsoft visual studio 11.0\vc\include\string.h(164) : see declaration of 'strerror'
     1>e:\learnopengl\trunk\luac_project\luac_project\liolib.c(49): warning C4996: 'strerror': This function or variable may be unsafe. Consider using strerror_s instead. To disable deprecation, use _CRT_SECURE_NO_WARNINGS. See online help for details.
                 c:\program files (x86)\microsoft visual studio 11.0\vc\include\string.h(164) : see declaration of 'strerror'
     1>e:\learnopengl\trunk\luac_project\luac_project\liolib.c(165): warning C4996: 'fopen': This function or variable may be unsafe. Consider using fopen_s instead. To disable deprecation, use _CRT_SECURE_NO_WARNINGS. See online help for details.
                 c:\program files (x86)\microsoft visual studio 11.0\vc\include\stdio.h(218) : see declaration of 'fopen'
     1>e:\learnopengl\trunk\luac_project\luac_project\liolib.c(185): warning C4996: 'tmpfile': This function or variable may be unsafe. Consider using tmpfile_s instead. To disable deprecation, use _CRT_SECURE_NO_WARNINGS. See online help for details.
                 c:\program files (x86)\microsoft visual studio 11.0\vc\include\stdio.h(324) : see declaration of 'tmpfile'
     1>e:\learnopengl\trunk\luac_project\luac_project\liolib.c(205): warning C4996: 'fopen': This function or variable may be unsafe. Consider using fopen_s instead. To disable deprecation, use _CRT_SECURE_NO_WARNINGS. See online help for details.
                 c:\program files (x86)\microsoft visual studio 11.0\vc\include\stdio.h(218) : see declaration of 'fopen'
     1>e:\learnopengl\trunk\luac_project\luac_project\liolib.c(257): warning C4996: 'fopen': This function or variable may be unsafe. Consider using fopen_s instead. To disable deprecation, use _CRT_SECURE_NO_WARNINGS. See online help for details.
                 c:\program files (x86)\microsoft visual studio 11.0\vc\include\stdio.h(218) : see declaration of 'fopen'
     1>e:\learnopengl\trunk\luac_project\luac_project\liolib.c(275): warning C4996: 'fscanf': This function or variable may be unsafe. Consider using fscanf_s instead. To disable deprecation, use _CRT_SECURE_NO_WARNINGS. See online help for details.
                 c:\program files (x86)\microsoft visual studio 11.0\vc\include\stdio.h(237) : see declaration of 'fscanf'
     1>e:\learnopengl\trunk\luac_project\luac_project\liolib.c(398): warning C4996: 'strerror': This function or variable may be unsafe. Consider using strerror_s instead. To disable deprecation, use _CRT_SECURE_NO_WARNINGS. See online help for details.
                 c:\program files (x86)\microsoft visual studio 11.0\vc\include\string.h(164) : see declaration of 'strerror'
         linit.c
         lgc.c
         lfunc.c
         ldump.c
         ldo.c
         ldebug.c
         ldblib.c
         lcode.c
         lbaselib.c
         lauxlib.c
     1>e:\learnopengl\trunk\luac_project\luac_project\lauxlib.c(544): warning C4996: 'strerror': This function or variable may be unsafe. Consider using strerror_s instead. To disable deprecation, use _CRT_SECURE_NO_WARNINGS. See online help for details.
                 c:\program files (x86)\microsoft visual studio 11.0\vc\include\string.h(164) : see declaration of 'strerror'
     1>e:\learnopengl\trunk\luac_project\luac_project\lauxlib.c(564): warning C4996: 'fopen': This function or variable may be unsafe. Consider using fopen_s instead. To disable deprecation, use _CRT_SECURE_NO_WARNINGS. See online help for details.
                 c:\program files (x86)\microsoft visual studio 11.0\vc\include\stdio.h(218) : see declaration of 'fopen'
     1>e:\learnopengl\trunk\luac_project\luac_project\lauxlib.c(574): warning C4996: 'freopen': This function or variable may be unsafe. Consider using freopen_s instead. To disable deprecation, use _CRT_SECURE_NO_WARNINGS. See online help for details.
                 c:\program files (x86)\microsoft visual studio 11.0\vc\include\stdio.h(233) : see declaration of 'freopen'
         lapi.c
         Generating Code...
       Link:
         C:\Program Files (x86)\Microsoft Visual Studio 11.0\VC\bin\link.exe /ERRORREPORT:PROMPT /OUT:"E:\learnOpenGL\trunk\luac_project\Debug\luac_project.exe" /INCREMENTAL /NOLOGO kernel32.lib user32.lib gdi32.lib winspool.lib comdlg32.lib advapi32.lib shell32.lib ole32.lib oleaut32.lib uuid.lib odbc32.lib odbccp32.lib /MANIFEST /MANIFESTUAC:"level='asInvoker' uiAccess='false'" /manifest:embed /DEBUG /PDB:"E:\learnOpenGL\trunk\luac_project\Debug\luac_project.pdb" /TLBID:1 /DYNAMICBASE /NXCOMPAT /IMPLIB:"E:\learnOpenGL\trunk\luac_project\Debug\luac_project.lib" /MACHINE:X86 Debug\lapi.obj
         Debug\lauxlib.obj
         Debug\lbaselib.obj
         Debug\lcode.obj
         Debug\ldblib.obj
         Debug\ldebug.obj
         Debug\ldo.obj
         Debug\ldump.obj
         Debug\lfunc.obj
         Debug\lgc.obj
         Debug\linit.obj
         Debug\liolib.obj
         Debug\liqian.obj
         Debug\llex.obj
         Debug\lmathlib.obj
         Debug\lmem.obj
         Debug\loadlib.obj
         Debug\lobject.obj
         Debug\lopcodes.obj
         Debug\loslib.obj
         Debug\lparser.obj
         Debug\lstate.obj
         Debug\lstring.obj
         Debug\lstrlib.obj
         Debug\ltable.obj
         Debug\ltablib.obj
         Debug\ltm.obj
         Debug\lua.obj
         Debug\lundump.obj
         Debug\lvm.obj
         Debug\lzio.obj
         Debug\print.obj
         Debug\snapshot.obj
         luac_project.vcxproj -> E:\learnOpenGL\trunk\luac_project\Debug\luac_project.exe
     1>Done Building Project "E:\learnOpenGL\trunk\luac_project\luac_project\luac_project.vcxproj" (Rebuild target(s)).

Build succeeded.

Time Elapsed 00:00:05.58
