D:\DOCUMENTS\VISUAL STUDIO 2012\PROJECTS\LUAC_PROJECT\LUAC_PROJECT\DEBUG\MAIN.OBJ
D:\DOCUMENTS\VISUAL STUDIO 2012\PROJECTS\LUAC_PROJECT\LUAC_PROJECT\DEBUG\VC110.PDB
D:\DOCUMENTS\VISUAL STUDIO 2012\PROJECTS\LUAC_PROJECT\LUAC_PROJECT\DEBUG\LLEX.OBJ
D:\DOCUMENTS\VISUAL STUDIO 2012\PROJECTS\LUAC_PROJECT\LUAC_PROJECT\DEBUG\LMATHLIB.OBJ
D:\DOCUMENTS\VISUAL STUDIO 2012\PROJECTS\LUAC_PROJECT\LUAC_PROJECT\DEBUG\LMEM.OBJ
D:\DOCUMENTS\VISUAL STUDIO 2012\PROJECTS\LUAC_PROJECT\LUAC_PROJECT\DEBUG\LOADLIB.OBJ
D:\DOCUMENTS\VISUAL STUDIO 2012\PROJECTS\LUAC_PROJECT\LUAC_PROJECT\DEBUG\LOBJECT.OBJ
D:\DOCUMENTS\VISUAL STUDIO 2012\PROJECTS\LUAC_PROJECT\LUAC_PROJECT\DEBUG\LOPCODES.OBJ
D:\DOCUMENTS\VISUAL STUDIO 2012\PROJECTS\LUAC_PROJECT\LUAC_PROJECT\DEBUG\LOSLIB.OBJ
D:\DOCUMENTS\VISUAL STUDIO 2012\PROJECTS\LUAC_PROJECT\LUAC_PROJECT\DEBUG\LPARSER.OBJ
D:\DOCUMENTS\VISUAL STUDIO 2012\PROJECTS\LUAC_PROJECT\LUAC_PROJECT\DEBUG\LSTATE.OBJ
D:\DOCUMENTS\VISUAL STUDIO 2012\PROJECTS\LUAC_PROJECT\LUAC_PROJECT\DEBUG\LSTRING.OBJ
D:\DOCUMENTS\VISUAL STUDIO 2012\PROJECTS\LUAC_PROJECT\LUAC_PROJECT\DEBUG\LSTRLIB.OBJ
D:\DOCUMENTS\VISUAL STUDIO 2012\PROJECTS\LUAC_PROJECT\LUAC_PROJECT\DEBUG\LTABLE.OBJ
D:\DOCUMENTS\VISUAL STUDIO 2012\PROJECTS\LUAC_PROJECT\LUAC_PROJECT\DEBUG\LTABLIB.OBJ
D:\DOCUMENTS\VISUAL STUDIO 2012\PROJECTS\LUAC_PROJECT\LUAC_PROJECT\DEBUG\LTM.OBJ
D:\DOCUMENTS\VISUAL STUDIO 2012\PROJECTS\LUAC_PROJECT\LUAC_PROJECT\DEBUG\LUAC.OBJ
D:\DOCUMENTS\VISUAL STUDIO 2012\PROJECTS\LUAC_PROJECT\LUAC_PROJECT\DEBUG\LUNDUMP.OBJ
D:\DOCUMENTS\VISUAL STUDIO 2012\PROJECTS\LUAC_PROJECT\LUAC_PROJECT\DEBUG\LVM.OBJ
D:\DOCUMENTS\VISUAL STUDIO 2012\PROJECTS\LUAC_PROJECT\LUAC_PROJECT\DEBUG\LZIO.OBJ
D:\DOCUMENTS\VISUAL STUDIO 2012\PROJECTS\LUAC_PROJECT\LUAC_PROJECT\DEBUG\PRINT.OBJ
D:\DOCUMENTS\VISUAL STUDIO 2012\PROJECTS\LUAC_PROJECT\LUAC_PROJECT\DEBUG\LAPI.OBJ
D:\DOCUMENTS\VISUAL STUDIO 2012\PROJECTS\LUAC_PROJECT\LUAC_PROJECT\DEBUG\LAUXLIB.OBJ
D:\DOCUMENTS\VISUAL STUDIO 2012\PROJECTS\LUAC_PROJECT\LUAC_PROJECT\DEBUG\LBASELIB.OBJ
D:\DOCUMENTS\VISUAL STUDIO 2012\PROJECTS\LUAC_PROJECT\LUAC_PROJECT\DEBUG\LCODE.OBJ
D:\DOCUMENTS\VISUAL STUDIO 2012\PROJECTS\LUAC_PROJECT\LUAC_PROJECT\DEBUG\LDBLIB.OBJ
D:\DOCUMENTS\VISUAL STUDIO 2012\PROJECTS\LUAC_PROJECT\LUAC_PROJECT\DEBUG\LDEBUG.OBJ
D:\DOCUMENTS\VISUAL STUDIO 2012\PROJECTS\LUAC_PROJECT\LUAC_PROJECT\DEBUG\LDO.OBJ
D:\DOCUMENTS\VISUAL STUDIO 2012\PROJECTS\LUAC_PROJECT\LUAC_PROJECT\DEBUG\LDUMP.OBJ
D:\DOCUMENTS\VISUAL STUDIO 2012\PROJECTS\LUAC_PROJECT\LUAC_PROJECT\DEBUG\LFUNC.OBJ
D:\DOCUMENTS\VISUAL STUDIO 2012\PROJECTS\LUAC_PROJECT\LUAC_PROJECT\DEBUG\LGC.OBJ
D:\DOCUMENTS\VISUAL STUDIO 2012\PROJECTS\LUAC_PROJECT\LUAC_PROJECT\DEBUG\LINIT.OBJ
D:\DOCUMENTS\VISUAL STUDIO 2012\PROJECTS\LUAC_PROJECT\LUAC_PROJECT\DEBUG\LIOLIB.OBJ
D:\DOCUMENTS\VISUAL STUDIO 2012\PROJECTS\LUAC_PROJECT\LUAC_PROJECT\DEBUG\LIQIAN.OBJ
D:\DOCUMENTS\VISUAL STUDIO 2012\PROJECTS\LUAC_PROJECT\LUAC_PROJECT\DEBUG\LUA.OBJ
D:\DOCUMENTS\VISUAL STUDIO 2012\PROJECTS\LUAC_PROJECT\LUAC_PROJECT\DEBUG\SNAPSHOT.OBJ
D:\DOCUMENTS\VISUAL STUDIO 2012\PROJECTS\LUAC_PROJECT\DEBUG\LUAC_PROJECT.ILK
D:\DOCUMENTS\VISUAL STUDIO 2012\PROJECTS\LUAC_PROJECT\DEBUG\LUAC_PROJECT.EXE
D:\DOCUMENTS\VISUAL STUDIO 2012\PROJECTS\LUAC_PROJECT\DEBUG\LUAC_PROJECT.PDB
E:\learnOpenGL\trunk\luac_project\luac_project\Debug\lapi.obj
E:\learnOpenGL\trunk\luac_project\luac_project\Debug\lauxlib.obj
E:\learnOpenGL\trunk\luac_project\luac_project\Debug\lbaselib.obj
E:\learnOpenGL\trunk\luac_project\luac_project\Debug\lcode.obj
E:\learnOpenGL\trunk\luac_project\luac_project\Debug\ldblib.obj
E:\learnOpenGL\trunk\luac_project\luac_project\Debug\ldebug.obj
E:\learnOpenGL\trunk\luac_project\luac_project\Debug\ldo.obj
E:\learnOpenGL\trunk\luac_project\luac_project\Debug\ldump.obj
E:\learnOpenGL\trunk\luac_project\luac_project\Debug\lfunc.obj
E:\learnOpenGL\trunk\luac_project\luac_project\Debug\lgc.obj
E:\learnOpenGL\trunk\luac_project\luac_project\Debug\linit.obj
E:\learnOpenGL\trunk\luac_project\luac_project\Debug\liolib.obj
E:\learnOpenGL\trunk\luac_project\luac_project\Debug\liqian.obj
E:\learnOpenGL\trunk\luac_project\luac_project\Debug\llex.obj
E:\learnOpenGL\trunk\luac_project\luac_project\Debug\lmathlib.obj
E:\learnOpenGL\trunk\luac_project\luac_project\Debug\lmem.obj
E:\learnOpenGL\trunk\luac_project\luac_project\Debug\loadlib.obj
E:\learnOpenGL\trunk\luac_project\luac_project\Debug\lobject.obj
E:\learnOpenGL\trunk\luac_project\luac_project\Debug\lopcodes.obj
E:\learnOpenGL\trunk\luac_project\luac_project\Debug\loslib.obj
E:\learnOpenGL\trunk\luac_project\luac_project\Debug\lparser.obj
E:\learnOpenGL\trunk\luac_project\luac_project\Debug\lstate.obj
E:\learnOpenGL\trunk\luac_project\luac_project\Debug\lstring.obj
E:\learnOpenGL\trunk\luac_project\luac_project\Debug\lstrlib.obj
E:\learnOpenGL\trunk\luac_project\luac_project\Debug\ltable.obj
E:\learnOpenGL\trunk\luac_project\luac_project\Debug\ltablib.obj
E:\learnOpenGL\trunk\luac_project\luac_project\Debug\ltm.obj
E:\learnOpenGL\trunk\luac_project\luac_project\Debug\lua.obj
E:\learnOpenGL\trunk\luac_project\luac_project\Debug\luac.obj
E:\learnOpenGL\trunk\luac_project\luac_project\Debug\lundump.obj
E:\learnOpenGL\trunk\luac_project\luac_project\Debug\lvm.obj
E:\learnOpenGL\trunk\luac_project\luac_project\Debug\lzio.obj
E:\learnOpenGL\trunk\luac_project\luac_project\Debug\main.obj
E:\learnOpenGL\trunk\luac_project\luac_project\Debug\print.obj
E:\learnOpenGL\trunk\luac_project\luac_project\Debug\snapshot.obj
E:\learnOpenGL\trunk\luac_project\luac_project\Debug\cl.command.1.tlog
E:\learnOpenGL\trunk\luac_project\luac_project\Debug\CL.read.1.tlog
E:\learnOpenGL\trunk\luac_project\luac_project\Debug\CL.write.1.tlog
E:\learnOpenGL\trunk\luac_project\luac_project\Debug\link-cvtres.read.1.tlog
E:\learnOpenGL\trunk\luac_project\luac_project\Debug\link-cvtres.write.1.tlog
E:\learnOpenGL\trunk\luac_project\luac_project\Debug\link-rc.read.1.tlog
E:\learnOpenGL\trunk\luac_project\luac_project\Debug\link-rc.write.1.tlog
E:\learnOpenGL\trunk\luac_project\luac_project\Debug\link.2476-cvtres.read.1.tlog
E:\learnOpenGL\trunk\luac_project\luac_project\Debug\link.2476-cvtres.write.1.tlog
E:\learnOpenGL\trunk\luac_project\luac_project\Debug\link.2476-rc.read.1.tlog
E:\learnOpenGL\trunk\luac_project\luac_project\Debug\link.2476-rc.write.1.tlog
E:\learnOpenGL\trunk\luac_project\luac_project\Debug\link.2476.read.1.tlog
E:\learnOpenGL\trunk\luac_project\luac_project\Debug\link.2476.write.1.tlog
E:\learnOpenGL\trunk\luac_project\luac_project\Debug\link.552-cvtres.read.1.tlog
E:\learnOpenGL\trunk\luac_project\luac_project\Debug\link.552-cvtres.write.1.tlog
E:\learnOpenGL\trunk\luac_project\luac_project\Debug\link.552-rc.read.1.tlog
E:\learnOpenGL\trunk\luac_project\luac_project\Debug\link.552-rc.write.1.tlog
E:\learnOpenGL\trunk\luac_project\luac_project\Debug\link.552.read.1.tlog
E:\learnOpenGL\trunk\luac_project\luac_project\Debug\link.552.write.1.tlog
E:\learnOpenGL\trunk\luac_project\luac_project\Debug\link.command.1.tlog
E:\learnOpenGL\trunk\luac_project\luac_project\Debug\link.read.1.tlog
E:\learnOpenGL\trunk\luac_project\luac_project\Debug\link.write.1.tlog
E:\learnOpenGL\trunk\luac_project\luac_project\Debug\vc110.idb
E:\learnOpenGL\trunk\luac_project\luac_project\Debug\vc110.pdb
E:\learnOpenGL\trunk\luac_project\Debug\luac_project.pdb
E:\learnOpenGL\trunk\luac_project\Debug\luac_project.exe
E:\learnOpenGL\trunk\luac_project\Debug\luac_project.ilk
